18:38:40 **** Incremental Build of configuration Nios II for project epa_sw ****
wsl make all 
Info: Building /mnt/c/Users/robertmadsen/Desktop/ethernet_packet_analyzer/ethernet_packet_analyzer_project/software/epa_sw_bsp/
make --no-print-directory -C /mnt/c/Users/robertmadsen/Desktop/ethernet_packet_analyzer/ethernet_packet_analyzer_project/software/epa_sw_bsp/
[BSP build complete]
Info: Compiling epa_sw.c to obj/default/epa_sw.o
nios2-elf-gcc.exe -xc -MP -MMD -c -Ic:/Users/robertmadsen/Desktop/ethernet_packet_analyzer/ethernet_packet_analyzer_project/software/epa_sw_bsp//HAL/inc -Ic:/Users/robertmadsen/Desktop/ethernet_packet_analyzer/ethernet_packet_analyzer_project/software/epa_sw_bsp/ -Ic:/Users/robertmadsen/Desktop/ethernet_packet_analyzer/ethernet_packet_analyzer_project/software/epa_sw_bsp//drivers/inc -pipe -D__hal__ -DALT_NO_C_PLUS_PLUS -DALT_NO_CLEAN_EXIT -D'exit(a)=_exit(a)' -DALT_NO_EXIT -DALT_USE_DIRECT_DRIVERS -DALT_NO_INSTRUCTION_EMULATION -DALT_USE_SMALL_DRIVERS -DSMALL_C_LIB -DALT_SINGLE_THREADED    -Os -g -Wall  -mno-hw-div -mno-hw-div -mno-hw-mul -mno-hw-mulx -mgpopt=global  -o "obj/default/epa_sw.o" "epa_sw.c"
epa_sw.c: In function 'readAllMem':
epa_sw.c:123:7: warning: implicit declaration of function 'usleep' [-Wimplicit-function-declaration]
  123 |       usleep(10000);
      |       ^~~~~~
Info: Linking epa_sw.elf
nios2-elf-g++.exe -T'c:/Users/robertmadsen/Desktop/ethernet_packet_analyzer/ethernet_packet_analyzer_project/software/epa_sw_bsp//linker.x' -msys-crt0='c:/Users/robertmadsen/Desktop/ethernet_packet_analyzer/ethernet_packet_analyzer_project/software/epa_sw_bsp//obj/HAL/src/crt0.o' -msys-lib=hal_bsp -Lc:/Users/robertmadsen/Desktop/ethernet_packet_analyzer/ethernet_packet_analyzer_project/software/epa_sw_bsp/ -msmallc  -Wl,-Map=epa_sw.map   -Os -g -Wall  -mno-hw-div -mno-hw-div -mno-hw-mul -mno-hw-mulx -mgpopt=global  -o epa_sw.elf obj/default/epa_sw.o -lm -msys-lib=m
nios2-elf-insert.exe epa_sw.elf --thread_model hal --cpu_name nios2e --qsys true --simulation_enabled false --stderr_dev uart --stdin_dev uart --stdout_dev uart --sopc_system_name nios_setup --quartus_project_dir "c:/Users/robertmadsen/Desktop/ethernet_packet_analyzer/ethernet_packet_analyzer_project" --jdi ../..//output_files/top.jdi --sopcinfo C:/Users/robertmadsen/Desktop/ethernet_packet_analyzer/ethernet_packet_analyzer_project/nios_setup.sopcinfo
Info: (epa_sw.elf) 2840 Bytes program size (code + initialized data).
Info:              13 KBytes free for stack + heap.
Info: Creating epa_sw.objdump
nios2-elf-objdump.exe --disassemble --syms --all-header --source epa_sw.elf >epa_sw.objdump
[epa_sw build complete]

18:38:50 Build Finished (took 10s.145ms)

